{"message":"calculation","context":{"request":{"price":1000,"type":"common"},"result":{"price":1000.0,"type":"common","fees":{"basic_buyer_fee":50.0,"seller_special_fee":20.0,"association_fee":10.0,"storage_fee":100.0},"total":1180.0}},"level":200,"level_name":"INFO","channel":"app","datetime":"2025-12-05T14:27:29.235321+00:00","extra":{}}
{"message":"preflight","context":{"path":"/api/calculate"},"level":200,"level_name":"INFO","channel":"app","datetime":"2025-12-05T14:29:12.763113+00:00","extra":{}}
{"message":"calculation","context":{"request":{"price":1000,"type":"common"},"result":{"price":1000.0,"type":"common","fees":{"basic_buyer_fee":50.0,"seller_special_fee":20.0,"association_fee":10.0,"storage_fee":100.0},"total":1180.0}},"level":200,"level_name":"INFO","channel":"app","datetime":"2025-12-05T14:29:12.870664+00:00","extra":{}}
{"message":"preflight","context":{"path":"/api/calculate"},"level":200,"level_name":"INFO","channel":"app","datetime":"2025-12-05T14:29:18.774778+00:00","extra":{}}
{"message":"calculation","context":{"request":{"price":1000,"type":"luxury"},"result":{"price":1000.0,"type":"luxury","fees":{"basic_buyer_fee":100.0,"seller_special_fee":40.0,"association_fee":10.0,"storage_fee":100.0},"total":1250.0}},"level":200,"level_name":"INFO","channel":"app","datetime":"2025-12-05T14:29:18.880165+00:00","extra":{}}
{"message":"calculation","context":{"request":{"price":1000,"type":"common"},"result":{"price":1000.0,"type":"common","fees":{"basic_buyer_fee":50.0,"seller_special_fee":20.0,"association_fee":10.0,"storage_fee":100.0},"total":1180.0}},"level":200,"level_name":"INFO","channel":"app","datetime":"2025-12-05T14:29:20.000112+00:00","extra":{}}
{"message":"calculation","context":{"request":{"price":1000,"type":"luxury"},"result":{"price":1000.0,"type":"luxury","fees":{"basic_buyer_fee":100.0,"seller_special_fee":40.0,"association_fee":10.0,"storage_fee":100.0},"total":1250.0}},"level":200,"level_name":"INFO","channel":"app","datetime":"2025-12-05T14:29:21.863802+00:00","extra":{}}
{"message":"preflight","context":{"path":"/api/calculate"},"level":200,"level_name":"INFO","channel":"app","datetime":"2025-12-05T14:29:41.401929+00:00","extra":{}}
{"message":"calculation","context":{"request":{"price":1000,"type":"common"},"result":{"price":1000.0,"type":"common","fees":{"basic_buyer_fee":50.0,"seller_special_fee":20.0,"association_fee":10.0,"storage_fee":100.0},"total":1180.0}},"level":200,"level_name":"INFO","channel":"app","datetime":"2025-12-05T14:29:41.520783+00:00","extra":{}}
{"message":"calculation","context":{"request":{"price":1000,"type":"common"},"result":{"price":1000.0,"type":"common","fees":{"basic_buyer_fee":50.0,"seller_special_fee":20.0,"association_fee":10.0,"storage_fee":100.0},"total":1180.0}},"level":200,"level_name":"INFO","channel":"app","datetime":"2025-12-05T14:57:47.555616+00:00","extra":{}}
{"message":"calculation","context":{"request":{"price":100,"type":"luxury"},"result":{"price":100.0,"type":"luxury","fees":{"basic_buyer_fee":25.0,"seller_special_fee":4.0,"association_fee":0.0,"storage_fee":100.0},"total":229.0}},"level":200,"level_name":"INFO","channel":"app","datetime":"2025-12-05T14:57:54.220003+00:00","extra":{}}
{"message":"preflight","context":{"path":"/api/calculate"},"level":200,"level_name":"INFO","channel":"app","datetime":"2025-12-05T15:01:03.401696+00:00","extra":{}}
{"message":"calculation","context":{"request":{"price":1000,"type":"common"},"result":{"price":1000.0,"type":"common","fees":{"basic_buyer_fee":50.0,"seller_special_fee":20.0,"association_fee":10.0,"storage_fee":100.0},"total":1180.0}},"level":200,"level_name":"INFO","channel":"app","datetime":"2025-12-05T15:01:03.513762+00:00","extra":{}}
{"message":"preflight","context":{"path":"/api/calculate"},"level":200,"level_name":"INFO","channel":"app","datetime":"2025-12-05T15:01:16.745541+00:00","extra":{}}
{"message":"calculation","context":{"request":{"price":1000,"type":"common"},"result":{"price":1000.0,"type":"common","fees":{"basic_buyer_fee":50.0,"seller_special_fee":20.0,"association_fee":10.0,"storage_fee":100.0},"total":1180.0}},"level":200,"level_name":"INFO","channel":"app","datetime":"2025-12-05T15:01:16.853018+00:00","extra":{}}
{"message":"calculation","context":{"request":{"price":1000,"type":"luxury"},"result":{"price":1000.0,"type":"luxury","fees":{"basic_buyer_fee":100.0,"seller_special_fee":40.0,"association_fee":0.0,"storage_fee":100.0},"total":1240.0}},"level":200,"level_name":"INFO","channel":"app","datetime":"2025-12-05T15:01:19.847786+00:00","extra":{}}
{"message":"preflight","context":{"path":"/api/calculate"},"level":200,"level_name":"INFO","channel":"app","datetime":"2025-12-05T15:01:27.440989+00:00","extra":{}}
{"message":"calculation","context":{"request":{"price":1000,"type":"common"},"result":{"price":1000.0,"type":"common","fees":{"basic_buyer_fee":50.0,"seller_special_fee":20.0,"association_fee":10.0,"storage_fee":100.0},"total":1180.0}},"level":200,"level_name":"INFO","channel":"app","datetime":"2025-12-05T15:01:27.546730+00:00","extra":{}}
{"message":"preflight","context":{"path":"/api/calculate"},"level":200,"level_name":"INFO","channel":"app","datetime":"2025-12-05T15:05:22.468459+00:00","extra":{}}
{"message":"calculation","context":{"request":{"price":1000,"type":"common"},"result":{"price":1000.0,"type":"common","fees":{"basic_buyer_fee":50.0,"seller_special_fee":20.0,"association_fee":10.0,"storage_fee":100.0},"total":1180.0}},"level":200,"level_name":"INFO","channel":"app","datetime":"2025-12-05T15:05:22.636459+00:00","extra":{}}
{"message":"preflight","context":{"path":"/api/calculate"},"level":200,"level_name":"INFO","channel":"app","datetime":"2025-12-05T15:06:33.525351+00:00","extra":{}}
{"message":"calculation","context":{"request":{"price":1000,"type":"common"},"result":{"price":1000.0,"type":"common","fees":{"basic_buyer_fee":50.0,"seller_special_fee":20.0,"association_fee":10.0,"storage_fee":100.0},"total":1180.0}},"level":200,"level_name":"INFO","channel":"app","datetime":"2025-12-05T15:06:33.638705+00:00","extra":{}}
{"message":"calculation","context":{"request":{"price":1000,"type":"common"},"result":{"price":1000.0,"type":"common","fees":{"basic_buyer_fee":50.0,"seller_special_fee":20.0,"association_fee":10.0,"storage_fee":100.0},"total":1180.0}},"level":200,"level_name":"INFO","channel":"app","datetime":"2025-12-05T15:06:45.433113+00:00","extra":{}}
{"message":"preflight","context":{"path":"/api/calculate"},"level":200,"level_name":"INFO","channel":"app","datetime":"2025-12-05T15:07:51.398158+00:00","extra":{}}
{"message":"calculation","context":{"request":{"price":1000,"type":"common"},"result":{"price":1000.0,"type":"common","fees":{"basic_buyer_fee":50.0,"seller_special_fee":20.0,"association_fee":10.0,"storage_fee":100.0},"total":1180.0}},"level":200,"level_name":"INFO","channel":"app","datetime":"2025-12-05T15:07:51.505242+00:00","extra":{}}
{"message":"calculation","context":{"request":null,"result":{"price":0.0,"type":"common","fees":{"basic_buyer_fee":10.0,"seller_special_fee":0.0,"association_fee":0.0,"storage_fee":100.0},"total":110.0}},"level":200,"level_name":"INFO","channel":"app","datetime":"2025-12-05T15:17:13.404300+00:00","extra":{}}
{"message":"calculation","context":{"request":{"price":1000,"type":"common"},"result":{"price":1000.0,"type":"common","fees":{"basic_buyer_fee":50.0,"seller_special_fee":20.0,"association_fee":10.0,"storage_fee":100.0},"total":1180.0}},"level":200,"level_name":"INFO","channel":"app","datetime":"2025-12-05T15:17:21.502671+00:00","extra":{}}
{"message":"preflight","context":{"path":"/api/calculate"},"level":200,"level_name":"INFO","channel":"app","datetime":"2025-12-05T15:18:47.622562+00:00","extra":{}}
{"message":"calculation","context":{"request":{"price":1000,"type":"common"},"result":{"price":1000.0,"type":"common","fees":{"basic_buyer_fee":50.0,"seller_special_fee":20.0,"association_fee":10.0,"storage_fee":100.0},"total":1180.0}},"level":200,"level_name":"INFO","channel":"app","datetime":"2025-12-05T15:18:47.742551+00:00","extra":{}}
{"message":"calculation","context":{"request":{"price":1000,"type":"common"},"result":{"price":1000.0,"type":"common","fees":{"basic_buyer_fee":50.0,"seller_special_fee":20.0,"association_fee":10.0,"storage_fee":100.0},"total":1180.0}},"level":200,"level_name":"INFO","channel":"app","datetime":"2025-12-05T15:19:00.738898+00:00","extra":{}}
{"message":"preflight","context":{"path":"/api/calculate"},"level":200,"level_name":"INFO","channel":"app","datetime":"2025-12-05T15:54:03.416414+00:00","extra":{}}
{"message":"calculation","context":{"request":{"price":1000,"type":"common"},"result":{"price":1000.0,"type":"common","fees":{"basic_buyer_fee":50.0,"seller_special_fee":20.0,"association_fee":10.0,"storage_fee":100.0},"total":1180.0}},"level":200,"level_name":"INFO","channel":"app","datetime":"2025-12-05T15:54:03.536577+00:00","extra":{}}
{"message":"preflight","context":{"path":"/api/calculate"},"level":200,"level_name":"INFO","channel":"app","datetime":"2025-12-05T15:54:34.958946+00:00","extra":{}}
{"message":"calculation","context":{"request":{"price":1000,"type":"luxury"},"result":{"price":1000.0,"type":"luxury","fees":{"basic_buyer_fee":100.0,"seller_special_fee":40.0,"association_fee":0.0,"storage_fee":100.0},"total":1240.0}},"level":200,"level_name":"INFO","channel":"app","datetime":"2025-12-05T15:54:35.073373+00:00","extra":{}}
{"message":"calculation","context":{"request":{"price":1000,"type":"common"},"result":{"price":1000.0,"type":"common","fees":{"basic_buyer_fee":50.0,"seller_special_fee":20.0,"association_fee":10.0,"storage_fee":100.0},"total":1180.0}},"level":200,"level_name":"INFO","channel":"app","datetime":"2025-12-05T15:54:36.559158+00:00","extra":{}}
{"message":"calculation","context":{"request":{"price":1000,"type":"luxury"},"result":{"price":1000.0,"type":"luxury","fees":{"basic_buyer_fee":100.0,"seller_special_fee":40.0,"association_fee":0.0,"storage_fee":100.0},"total":1240.0}},"level":200,"level_name":"INFO","channel":"app","datetime":"2025-12-05T15:54:37.994088+00:00","extra":{}}
{"message":"calculation","context":{"request":{"price":1000,"type":"common"},"result":{"price":1000.0,"type":"common","fees":{"basic_buyer_fee":50.0,"seller_special_fee":20.0,"association_fee":10.0,"storage_fee":100.0},"total":1180.0}},"level":200,"level_name":"INFO","channel":"app","datetime":"2025-12-05T15:54:39.024232+00:00","extra":{}}
{"message":"preflight","context":{"path":"/api/calculate"},"level":200,"level_name":"INFO","channel":"app","datetime":"2025-12-05T15:55:15.075468+00:00","extra":{}}
{"message":"calculation","context":{"request":{"price":1000,"type":"luxury"},"result":{"price":1000.0,"type":"luxury","fees":{"basic_buyer_fee":100.0,"seller_special_fee":40.0,"association_fee":0.0,"storage_fee":100.0},"total":1240.0}},"level":200,"level_name":"INFO","channel":"app","datetime":"2025-12-05T15:55:15.191185+00:00","extra":{}}
{"message":"preflight","context":{"path":"/api/calculate"},"level":200,"level_name":"INFO","channel":"app","datetime":"2025-12-05T15:55:24.028459+00:00","extra":{}}
{"message":"calculation","context":{"request":{"price":1000,"type":"common"},"result":{"price":1000.0,"type":"common","fees":{"basic_buyer_fee":50.0,"seller_special_fee":20.0,"association_fee":10.0,"storage_fee":100.0},"total":1180.0}},"level":200,"level_name":"INFO","channel":"app","datetime":"2025-12-05T15:55:24.138137+00:00","extra":{}}
{"message":"preflight","context":{"path":"/api/calculate"},"level":200,"level_name":"INFO","channel":"app","datetime":"2025-12-05T16:00:20.507839+00:00","extra":{}}
{"message":"calculation","context":{"request":{"price":1000,"type":"common"},"result":{"price":1000.0,"type":"common","fees":{"basic_buyer_fee":50.0,"seller_special_fee":20.0,"association_fee":10.0,"storage_fee":100.0},"total":1180.0}},"level":200,"level_name":"INFO","channel":"app","datetime":"2025-12-05T16:00:20.637444+00:00","extra":{}}
{"message":"preflight","context":{"path":"/api/calculate"},"level":200,"level_name":"INFO","channel":"app","datetime":"2025-12-05T16:03:10.471328+00:00","extra":{}}
{"message":"calculation","context":{"request":{"price":"1000000.00","type":"luxury"},"result":{"price":1000000.0,"type":"luxury","fees":{"basic_buyer_fee":200.0,"seller_special_fee":40000.0,"association_fee":0.0,"storage_fee":100.0},"total":1040300.0}},"level":200,"level_name":"INFO","channel":"app","datetime":"2025-12-05T16:03:10.597487+00:00","extra":{}}
{"message":"calculation","context":{"request":{"price":"1800.00","type":"luxury"},"result":{"price":1800.0,"type":"luxury","fees":{"basic_buyer_fee":180.0,"seller_special_fee":72.0,"association_fee":0.0,"storage_fee":100.0},"total":2152.0}},"level":200,"level_name":"INFO","channel":"app","datetime":"2025-12-05T16:03:14.101533+00:00","extra":{}}
{"message":"preflight","context":{"path":"/api/calculate"},"level":200,"level_name":"INFO","channel":"app","datetime":"2025-12-05T16:03:17.729753+00:00","extra":{}}
{"message":"calculation","context":{"request":{"price":"1800.00","type":"luxury"},"result":{"price":1800.0,"type":"luxury","fees":{"basic_buyer_fee":180.0,"seller_special_fee":72.0,"association_fee":0.0,"storage_fee":100.0},"total":2152.0}},"level":200,"level_name":"INFO","channel":"app","datetime":"2025-12-05T16:03:17.844305+00:00","extra":{}}
{"message":"preflight","context":{"path":"/api/calculate"},"level":200,"level_name":"INFO","channel":"app","datetime":"2025-12-05T16:03:25.047870+00:00","extra":{}}
{"message":"calculation","context":{"request":{"price":"1800.00","type":"luxury"},"result":{"price":1800.0,"type":"luxury","fees":{"basic_buyer_fee":180.0,"seller_special_fee":72.0,"association_fee":0.0,"storage_fee":100.0},"total":2152.0}},"level":200,"level_name":"INFO","channel":"app","datetime":"2025-12-05T16:03:25.159289+00:00","extra":{}}
{"message":"preflight","context":{"path":"/api/calculate"},"level":200,"level_name":"INFO","channel":"app","datetime":"2025-12-05T16:09:29.683239+00:00","extra":{}}
{"message":"calculation","context":{"request":{"price":"1000000.00","type":"luxury"},"result":{"price":1000000.0,"type":"luxury","fees":{"basic_buyer_fee":200.0,"seller_special_fee":40000.0,"association_fee":0.0,"storage_fee":100.0},"total":1040300.0}},"level":200,"level_name":"INFO","channel":"app","datetime":"2025-12-05T16:09:29.830207+00:00","extra":{}}
{"message":"preflight","context":{"path":"/api/calculate"},"level":200,"level_name":"INFO","channel":"app","datetime":"2025-12-05T19:42:58.509691+00:00","extra":{}}
{"message":"calculation","context":{"request":{"price":"1100.00","type":"common"},"result":{"price":1100.0,"type":"common","fees":{"basic_buyer_fee":50.0,"seller_special_fee":22.0,"association_fee":15.0,"storage_fee":100.0},"total":1287.0}},"level":200,"level_name":"INFO","channel":"app","datetime":"2025-12-05T19:42:58.628370+00:00","extra":{}}
{"message":"preflight","context":{"path":"/api/calculate"},"level":200,"level_name":"INFO","channel":"app","datetime":"2025-12-05T19:44:04.733051+00:00","extra":{}}
{"message":"calculation","context":{"request":{"price":1000,"type":"common"},"result":{"price":1000.0,"type":"common","fees":{"basic_buyer_fee":50.0,"seller_special_fee":20.0,"association_fee":10.0,"storage_fee":100.0},"total":1180.0}},"level":200,"level_name":"INFO","channel":"app","datetime":"2025-12-05T19:44:04.855716+00:00","extra":{}}
{"message":"preflight","context":{"path":"/api/calculate"},"level":200,"level_name":"INFO","channel":"app","datetime":"2025-12-05T19:44:10.516980+00:00","extra":{}}
{"message":"calculation","context":{"request":{"price":1000,"type":"common"},"result":{"price":1000.0,"type":"common","fees":{"basic_buyer_fee":50.0,"seller_special_fee":20.0,"association_fee":10.0,"storage_fee":100.0},"total":1180.0}},"level":200,"level_name":"INFO","channel":"app","datetime":"2025-12-05T19:44:10.631377+00:00","extra":{}}
{"message":"preflight","context":{"path":"/api/calculate"},"level":200,"level_name":"INFO","channel":"app","datetime":"2025-12-05T19:45:15.133795+00:00","extra":{}}
{"message":"calculation","context":{"request":{"price":1000,"type":"common"},"result":{"price":1000.0,"type":"common","fees":{"basic_buyer_fee":50.0,"seller_special_fee":20.0,"association_fee":10.0,"storage_fee":100.0},"total":1180.0}},"level":200,"level_name":"INFO","channel":"app","datetime":"2025-12-05T19:45:15.247210+00:00","extra":{}}
{"message":"calculation","context":{"request":{"price":1000,"type":"common"},"result":{"price":1000.0,"type":"common","fees":{"basic_buyer_fee":50.0,"seller_special_fee":20.0,"association_fee":10.0,"storage_fee":100.0},"total":1180.0}},"level":200,"level_name":"INFO","channel":"app","datetime":"2025-12-05T19:45:18.349429+00:00","extra":{}}
{"message":"calculation","context":{"request":{"price":1000,"type":"common"},"result":{"price":1000.0,"type":"common","fees":{"basic_buyer_fee":50.0,"seller_special_fee":20.0,"association_fee":10.0,"storage_fee":100.0},"total":1180.0}},"level":200,"level_name":"INFO","channel":"app","datetime":"2025-12-05T19:45:19.189659+00:00","extra":{}}
{"message":"preflight","context":{"path":"/api/calculate"},"level":200,"level_name":"INFO","channel":"app","datetime":"2025-12-05T19:45:59.966325+00:00","extra":{}}
{"message":"calculation","context":{"request":{"price":1000,"type":"common"},"result":{"price":1000.0,"type":"common","fees":{"basic_buyer_fee":50.0,"seller_special_fee":20.0,"association_fee":10.0,"storage_fee":100.0},"total":1180.0}},"level":200,"level_name":"INFO","channel":"app","datetime":"2025-12-05T19:46:00.091005+00:00","extra":{}}
{"message":"calculation","context":{"request":{"price":1000,"type":"common"},"result":{"price":1000.0,"type":"common","fees":{"basic_buyer_fee":50.0,"seller_special_fee":20.0,"association_fee":10.0,"storage_fee":100.0},"total":1180.0}},"level":200,"level_name":"INFO","channel":"app","datetime":"2025-12-05T19:46:02.410546+00:00","extra":{}}
{"message":"calculation","context":{"request":{"price":1000,"type":"common"},"result":{"price":1000.0,"type":"common","fees":{"basic_buyer_fee":50.0,"seller_special_fee":20.0,"association_fee":10.0,"storage_fee":100.0},"total":1180.0}},"level":200,"level_name":"INFO","channel":"app","datetime":"2025-12-05T19:46:04.434142+00:00","extra":{}}
{"message":"preflight","context":{"path":"/api/calculate"},"level":200,"level_name":"INFO","channel":"app","datetime":"2025-12-05T19:46:05.361644+00:00","extra":{}}
{"message":"calculation","context":{"request":{"price":1000,"type":"common"},"result":{"price":1000.0,"type":"common","fees":{"basic_buyer_fee":50.0,"seller_special_fee":20.0,"association_fee":10.0,"storage_fee":100.0},"total":1180.0}},"level":200,"level_name":"INFO","channel":"app","datetime":"2025-12-05T19:46:05.479650+00:00","extra":{}}
{"message":"calculation","context":{"request":{"price":1000,"type":"common"},"result":{"price":1000.0,"type":"common","fees":{"basic_buyer_fee":50.0,"seller_special_fee":20.0,"association_fee":10.0,"storage_fee":100.0},"total":1180.0}},"level":200,"level_name":"INFO","channel":"app","datetime":"2025-12-05T19:46:06.151899+00:00","extra":{}}
{"message":"preflight","context":{"path":"/api/calculate"},"level":200,"level_name":"INFO","channel":"app","datetime":"2025-12-05T19:46:58.643897+00:00","extra":{}}
{"message":"calculation","context":{"request":{"price":1000,"type":"common"},"result":{"price":1000.0,"type":"common","fees":{"basic_buyer_fee":50.0,"seller_special_fee":20.0,"association_fee":10.0,"storage_fee":100.0},"total":1180.0}},"level":200,"level_name":"INFO","channel":"app","datetime":"2025-12-05T19:46:58.766592+00:00","extra":{}}
{"message":"preflight","context":{"path":"/api/calculate"},"level":200,"level_name":"INFO","channel":"app","datetime":"2025-12-05T19:47:07.635891+00:00","extra":{}}
{"message":"calculation","context":{"request":{"price":1000,"type":"common"},"result":{"price":1000.0,"type":"common","fees":{"basic_buyer_fee":50.0,"seller_special_fee":20.0,"association_fee":10.0,"storage_fee":100.0},"total":1180.0}},"level":200,"level_name":"INFO","channel":"app","datetime":"2025-12-05T19:47:07.746126+00:00","extra":{}}
{"message":"preflight","context":{"path":"/api/calculate"},"level":200,"level_name":"INFO","channel":"app","datetime":"2025-12-05T19:47:13.182779+00:00","extra":{}}
{"message":"calculation","context":{"request":{"price":1000,"type":"common"},"result":{"price":1000.0,"type":"common","fees":{"basic_buyer_fee":50.0,"seller_special_fee":20.0,"association_fee":10.0,"storage_fee":100.0},"total":1180.0}},"level":200,"level_name":"INFO","channel":"app","datetime":"2025-12-05T19:47:13.291442+00:00","extra":{}}
{"message":"calculation","context":{"request":{"price":1000,"type":"common"},"result":{"price":1000.0,"type":"common","fees":{"basic_buyer_fee":50.0,"seller_special_fee":20.0,"association_fee":10.0,"storage_fee":100.0},"total":1180.0}},"level":200,"level_name":"INFO","channel":"app","datetime":"2025-12-05T19:47:15.026314+00:00","extra":{}}
{"message":"preflight","context":{"path":"/api/calculate"},"level":200,"level_name":"INFO","channel":"app","datetime":"2025-12-05T19:48:34.132524+00:00","extra":{}}
{"message":"calculation","context":{"request":{"price":1000,"type":"common"},"result":{"price":1000.0,"type":"common","fees":{"basic_buyer_fee":50.0,"seller_special_fee":20.0,"association_fee":10.0,"storage_fee":100.0},"total":1180.0}},"level":200,"level_name":"INFO","channel":"app","datetime":"2025-12-05T19:48:34.248220+00:00","extra":{}}
{"message":"calculation","context":{"request":{"price":1000,"type":"common"},"result":{"price":1000.0,"type":"common","fees":{"basic_buyer_fee":50.0,"seller_special_fee":20.0,"association_fee":10.0,"storage_fee":100.0},"total":1180.0}},"level":200,"level_name":"INFO","channel":"app","datetime":"2025-12-05T19:48:37.153869+00:00","extra":{}}
{"message":"preflight","context":{"path":"/api/calculate"},"level":200,"level_name":"INFO","channel":"app","datetime":"2025-12-05T19:48:39.590741+00:00","extra":{}}
{"message":"calculation","context":{"request":{"price":"1100.00","type":"common"},"result":{"price":1100.0,"type":"common","fees":{"basic_buyer_fee":50.0,"seller_special_fee":22.0,"association_fee":15.0,"storage_fee":100.0},"total":1287.0}},"level":200,"level_name":"INFO","channel":"app","datetime":"2025-12-05T19:48:39.704902+00:00","extra":{}}
{"message":"calculation","context":{"request":{"price":"1100.00","type":"luxury"},"result":{"price":1100.0,"type":"luxury","fees":{"basic_buyer_fee":110.0,"seller_special_fee":44.0,"association_fee":0.0,"storage_fee":100.0},"total":1354.0}},"level":200,"level_name":"INFO","channel":"app","datetime":"2025-12-05T19:48:44.542946+00:00","extra":{}}
{"message":"preflight","context":{"path":"/api/calculate"},"level":200,"level_name":"INFO","channel":"app","datetime":"2025-12-05T19:48:45.483070+00:00","extra":{}}
{"message":"calculation","context":{"request":{"price":"1100.00","type":"common"},"result":{"price":1100.0,"type":"common","fees":{"basic_buyer_fee":50.0,"seller_special_fee":22.0,"association_fee":15.0,"storage_fee":100.0},"total":1287.0}},"level":200,"level_name":"INFO","channel":"app","datetime":"2025-12-05T19:48:45.602399+00:00","extra":{}}
{"message":"preflight","context":{"path":"/api/calculate"},"level":200,"level_name":"INFO","channel":"app","datetime":"2025-12-05T19:49:22.123133+00:00","extra":{}}
{"message":"calculation","context":{"request":{"price":"398.00","type":"common"},"result":{"price":398.0,"type":"common","fees":{"basic_buyer_fee":39.8,"seller_special_fee":7.96,"association_fee":5.0,"storage_fee":100.0},"total":550.76}},"level":200,"level_name":"INFO","channel":"app","datetime":"2025-12-05T19:49:22.245691+00:00","extra":{}}
{"message":"preflight","context":{"path":"/api/calculate"},"level":200,"level_name":"INFO","channel":"app","datetime":"2025-12-05T19:49:29.632379+00:00","extra":{}}
{"message":"calculation","context":{"request":{"price":"398.00","type":"common"},"result":{"price":398.0,"type":"common","fees":{"basic_buyer_fee":39.8,"seller_special_fee":7.96,"association_fee":5.0,"storage_fee":100.0},"total":550.76}},"level":200,"level_name":"INFO","channel":"app","datetime":"2025-12-05T19:49:29.749485+00:00","extra":{}}
{"message":"preflight","context":{"path":"/api/calculate"},"level":200,"level_name":"INFO","channel":"app","datetime":"2025-12-05T19:50:04.970446+00:00","extra":{}}
{"message":"calculation","context":{"request":{"price":"1800.00","type":"luxury"},"result":{"price":1800.0,"type":"luxury","fees":{"basic_buyer_fee":180.0,"seller_special_fee":72.0,"association_fee":0.0,"storage_fee":100.0},"total":2152.0}},"level":200,"level_name":"INFO","channel":"app","datetime":"2025-12-05T19:50:05.096330+00:00","extra":{}}
{"message":"calculation","context":{"request":{"price":"1800.00","type":"common"},"result":{"price":1800.0,"type":"common","fees":{"basic_buyer_fee":50.0,"seller_special_fee":36.0,"association_fee":15.0,"storage_fee":100.0},"total":2001.0}},"level":200,"level_name":"INFO","channel":"app","datetime":"2025-12-05T19:50:06.780350+00:00","extra":{}}
{"message":"calculation","context":{"request":{"price":"1800.00","type":"luxury"},"result":{"price":1800.0,"type":"luxury","fees":{"basic_buyer_fee":180.0,"seller_special_fee":72.0,"association_fee":0.0,"storage_fee":100.0},"total":2152.0}},"level":200,"level_name":"INFO","channel":"app","datetime":"2025-12-05T19:50:09.551340+00:00","extra":{}}
{"message":"preflight","context":{"path":"/api/calculate"},"level":200,"level_name":"INFO","channel":"app","datetime":"2025-12-05T19:50:19.394667+00:00","extra":{}}
{"message":"calculation","context":{"request":{"price":"1800.00","type":"common"},"result":{"price":1800.0,"type":"common","fees":{"basic_buyer_fee":50.0,"seller_special_fee":36.0,"association_fee":15.0,"storage_fee":100.0},"total":2001.0}},"level":200,"level_name":"INFO","channel":"app","datetime":"2025-12-05T19:50:19.500598+00:00","extra":{}}
{"message":"preflight","context":{"path":"/api/calculate"},"level":200,"level_name":"INFO","channel":"app","datetime":"2025-12-05T19:51:34.580099+00:00","extra":{}}
{"message":"calculation","context":{"request":{"price":"398.00","type":"common"},"result":{"price":398.0,"type":"common","fees":{"basic_buyer_fee":39.8,"seller_special_fee":7.96,"association_fee":5.0,"storage_fee":100.0},"total":550.76}},"level":200,"level_name":"INFO","channel":"app","datetime":"2025-12-05T19:51:34.690678+00:00","extra":{}}
{"message":"preflight","context":{"path":"/api/calculate"},"level":200,"level_name":"INFO","channel":"app","datetime":"2025-12-05T19:51:46.444880+00:00","extra":{}}
{"message":"calculation","context":{"request":{"price":"398.00","type":"luxury"},"result":{"price":398.0,"type":"luxury","fees":{"basic_buyer_fee":39.8,"seller_special_fee":15.92,"association_fee":0.0,"storage_fee":100.0},"total":553.72}},"level":200,"level_name":"INFO","channel":"app","datetime":"2025-12-05T19:51:46.552391+00:00","extra":{}}
{"message":"preflight","context":{"path":"/api/calculate"},"level":200,"level_name":"INFO","channel":"app","datetime":"2025-12-05T19:51:52.447959+00:00","extra":{}}
{"message":"calculation","context":{"request":{"price":"1800.00","type":"luxury"},"result":{"price":1800.0,"type":"luxury","fees":{"basic_buyer_fee":180.0,"seller_special_fee":72.0,"association_fee":0.0,"storage_fee":100.0},"total":2152.0}},"level":200,"level_name":"INFO","channel":"app","datetime":"2025-12-05T19:51:52.562447+00:00","extra":{}}
{"message":"calculation","context":{"request":{"price":"501.00","type":"common"},"result":{"price":501.0,"type":"common","fees":{"basic_buyer_fee":50.0,"seller_special_fee":10.02,"association_fee":10.0,"storage_fee":100.0},"total":671.02}},"level":200,"level_name":"INFO","channel":"app","datetime":"2025-12-05T19:51:56.827815+00:00","extra":{}}
{"message":"preflight","context":{"path":"/api/calculate"},"level":200,"level_name":"INFO","channel":"app","datetime":"2025-12-05T19:51:59.354929+00:00","extra":{}}
{"message":"calculation","context":{"request":{"price":"501.00","type":"luxury"},"result":{"price":501.0,"type":"luxury","fees":{"basic_buyer_fee":50.1,"seller_special_fee":20.04,"association_fee":0.0,"storage_fee":100.0},"total":671.14}},"level":200,"level_name":"INFO","channel":"app","datetime":"2025-12-05T19:51:59.464392+00:00","extra":{}}
{"message":"calculation","context":{"request":{"price":"501.00","type":"common"},"result":{"price":501.0,"type":"common","fees":{"basic_buyer_fee":50.0,"seller_special_fee":10.02,"association_fee":10.0,"storage_fee":100.0},"total":671.02}},"level":200,"level_name":"INFO","channel":"app","datetime":"2025-12-05T19:52:03.202371+00:00","extra":{}}
{"message":"preflight","context":{"path":"/api/calculate"},"level":200,"level_name":"INFO","channel":"app","datetime":"2025-12-05T19:52:09.687988+00:00","extra":{}}
{"message":"calculation","context":{"request":{"price":"1100.00","type":"common"},"result":{"price":1100.0,"type":"common","fees":{"basic_buyer_fee":50.0,"seller_special_fee":22.0,"association_fee":15.0,"storage_fee":100.0},"total":1287.0}},"level":200,"level_name":"INFO","channel":"app","datetime":"2025-12-05T19:52:09.802575+00:00","extra":{}}
{"message":"preflight","context":{"path":"/api/calculate"},"level":200,"level_name":"INFO","channel":"app","datetime":"2025-12-05T19:53:04.367700+00:00","extra":{}}
{"message":"calculation","context":{"request":{"price":"398.00","type":"common"},"result":{"price":398.0,"type":"common","fees":{"basic_buyer_fee":39.8,"seller_special_fee":7.96,"association_fee":5.0,"storage_fee":100.0},"total":550.76}},"level":200,"level_name":"INFO","channel":"app","datetime":"2025-12-05T19:53:04.480390+00:00","extra":{}}
{"message":"preflight","context":{"path":"/api/calculate"},"level":200,"level_name":"INFO","channel":"app","datetime":"2025-12-05T19:53:15.038095+00:00","extra":{}}
{"message":"calculation","context":{"request":{"price":"501.00","type":"common"},"result":{"price":501.0,"type":"common","fees":{"basic_buyer_fee":50.0,"seller_special_fee":10.02,"association_fee":10.0,"storage_fee":100.0},"total":671.02}},"level":200,"level_name":"INFO","channel":"app","datetime":"2025-12-05T19:53:15.148071+00:00","extra":{}}
{"message":"preflight","context":{"path":"/api/calculate"},"level":200,"level_name":"INFO","channel":"app","datetime":"2025-12-05T19:53:20.747907+00:00","extra":{}}
{"message":"calculation","context":{"request":{"price":"501.00","type":"luxury"},"result":{"price":501.0,"type":"luxury","fees":{"basic_buyer_fee":50.1,"seller_special_fee":20.04,"association_fee":0.0,"storage_fee":100.0},"total":671.14}},"level":200,"level_name":"INFO","channel":"app","datetime":"2025-12-05T19:53:20.859430+00:00","extra":{}}
{"message":"calculation","context":{"request":{"price":"501.00","type":"common"},"result":{"price":501.0,"type":"common","fees":{"basic_buyer_fee":50.0,"seller_special_fee":10.02,"association_fee":10.0,"storage_fee":100.0},"total":671.02}},"level":200,"level_name":"INFO","channel":"app","datetime":"2025-12-05T19:53:22.339539+00:00","extra":{}}
{"message":"preflight","context":{"path":"/api/calculate"},"level":200,"level_name":"INFO","channel":"app","datetime":"2025-12-05T19:53:26.969118+00:00","extra":{}}
{"message":"calculation","context":{"request":{"price":"501.00","type":"luxury"},"result":{"price":501.0,"type":"luxury","fees":{"basic_buyer_fee":50.1,"seller_special_fee":20.04,"association_fee":0.0,"storage_fee":100.0},"total":671.14}},"level":200,"level_name":"INFO","channel":"app","datetime":"2025-12-05T19:53:27.079412+00:00","extra":{}}
{"message":"preflight","context":{"path":"/api/calculate"},"level":200,"level_name":"INFO","channel":"app","datetime":"2025-12-05T19:54:17.292259+00:00","extra":{}}
{"message":"calculation","context":{"request":{"price":"1800.00","type":"luxury"},"result":{"price":1800.0,"type":"luxury","fees":{"basic_buyer_fee":180.0,"seller_special_fee":72.0,"association_fee":0.0,"storage_fee":100.0},"total":2152.0}},"level":200,"level_name":"INFO","channel":"app","datetime":"2025-12-05T19:54:17.417203+00:00","extra":{}}
{"message":"calculation","context":{"request":{"price":"501.00","type":"common"},"result":{"price":501.0,"type":"common","fees":{"basic_buyer_fee":50.0,"seller_special_fee":10.02,"association_fee":10.0,"storage_fee":100.0},"total":671.02}},"level":200,"level_name":"INFO","channel":"app","datetime":"2025-12-05T19:54:20.595054+00:00","extra":{}}
{"message":"calculation","context":{"request":{"price":"1000000.00","type":"luxury"},"result":{"price":1000000.0,"type":"luxury","fees":{"basic_buyer_fee":200.0,"seller_special_fee":40000.0,"association_fee":0.0,"storage_fee":100.0},"total":1040300.0}},"level":200,"level_name":"INFO","channel":"app","datetime":"2025-12-05T19:54:21.961085+00:00","extra":{}}
{"message":"preflight","context":{"path":"/api/calculate"},"level":200,"level_name":"INFO","channel":"app","datetime":"2025-12-05T19:54:31.196861+00:00","extra":{}}
{"message":"calculation","context":{"request":{"price":"398.00","type":"common"},"result":{"price":398.0,"type":"common","fees":{"basic_buyer_fee":39.8,"seller_special_fee":7.96,"association_fee":5.0,"storage_fee":100.0},"total":550.76}},"level":200,"level_name":"INFO","channel":"app","datetime":"2025-12-05T19:54:31.313964+00:00","extra":{}}
{"message":"preflight","context":{"path":"/api/calculate"},"level":200,"level_name":"INFO","channel":"app","datetime":"2025-12-05T19:54:38.543412+00:00","extra":{}}
{"message":"calculation","context":{"request":{"price":"1000000.00","type":"luxury"},"result":{"price":1000000.0,"type":"luxury","fees":{"basic_buyer_fee":200.0,"seller_special_fee":40000.0,"association_fee":0.0,"storage_fee":100.0},"total":1040300.0}},"level":200,"level_name":"INFO","channel":"app","datetime":"2025-12-05T19:54:38.651907+00:00","extra":{}}
{"message":"preflight","context":{"path":"/api/calculate"},"level":200,"level_name":"INFO","channel":"app","datetime":"2025-12-05T19:54:47.262159+00:00","extra":{}}
{"message":"calculation","context":{"request":{"price":"398.00","type":"common"},"result":{"price":398.0,"type":"common","fees":{"basic_buyer_fee":39.8,"seller_special_fee":7.96,"association_fee":5.0,"storage_fee":100.0},"total":550.76}},"level":200,"level_name":"INFO","channel":"app","datetime":"2025-12-05T19:54:47.387150+00:00","extra":{}}
{"message":"preflight","context":{"path":"/api/calculate"},"level":200,"level_name":"INFO","channel":"app","datetime":"2025-12-05T19:54:55.523937+00:00","extra":{}}
{"message":"calculation","context":{"request":{"price":"1100.00","type":"common"},"result":{"price":1100.0,"type":"common","fees":{"basic_buyer_fee":50.0,"seller_special_fee":22.0,"association_fee":15.0,"storage_fee":100.0},"total":1287.0}},"level":200,"level_name":"INFO","channel":"app","datetime":"2025-12-05T19:54:55.639402+00:00","extra":{}}
{"message":"preflight","context":{"path":"/api/calculate"},"level":200,"level_name":"INFO","channel":"app","datetime":"2025-12-05T23:09:59.768312+00:00","extra":{}}
{"message":"calculation","context":{"request":{"price":"1100.00","type":"common"},"result":{"price":1100.0,"type":"common","fees":{"basic_buyer_fee":50.0,"seller_special_fee":22.0,"association_fee":15.0,"storage_fee":100.0},"total":1287.0}},"level":200,"level_name":"INFO","channel":"app","datetime":"2025-12-05T23:09:59.891085+00:00","extra":{}}
{"message":"preflight","context":{"path":"/api/calculate"},"level":200,"level_name":"INFO","channel":"app","datetime":"2025-12-05T23:10:16.475588+00:00","extra":{}}
{"message":"calculation","context":{"request":{"price":"1100.00","type":"common"},"result":{"price":1100.0,"type":"common","fees":{"basic_buyer_fee":50.0,"seller_special_fee":22.0,"association_fee":15.0,"storage_fee":100.0},"total":1287.0}},"level":200,"level_name":"INFO","channel":"app","datetime":"2025-12-05T23:10:16.586288+00:00","extra":{}}
{"message":"calculation","context":{"request":{"price":"1100.00","type":"common"},"result":{"price":1100.0,"type":"common","fees":{"basic_buyer_fee":50.0,"seller_special_fee":22.0,"association_fee":15.0,"storage_fee":100.0},"total":1287.0}},"level":200,"level_name":"INFO","channel":"app","datetime":"2025-12-05T23:10:18.805167+00:00","extra":{}}
{"message":"preflight","context":{"path":"/api/calculate"},"level":200,"level_name":"INFO","channel":"app","datetime":"2025-12-05T23:15:05.874941+00:00","extra":{}}
{"message":"calculation","context":{"request":{"price":1000,"type":"common"},"result":{"price":1000.0,"type":"common","fees":{"basic_buyer_fee":50.0,"seller_special_fee":20.0,"association_fee":10.0,"storage_fee":100.0},"total":1180.0}},"level":200,"level_name":"INFO","channel":"app","datetime":"2025-12-05T23:15:05.993510+00:00","extra":{}}
{"message":"preflight","context":{"path":"/api/calculate"},"level":200,"level_name":"INFO","channel":"app","datetime":"2025-12-05T23:15:16.691651+00:00","extra":{}}
{"message":"calculation","context":{"request":{"price":"1100.00","type":"common"},"result":{"price":1100.0,"type":"common","fees":{"basic_buyer_fee":50.0,"seller_special_fee":22.0,"association_fee":15.0,"storage_fee":100.0},"total":1287.0}},"level":200,"level_name":"INFO","channel":"app","datetime":"2025-12-05T23:15:16.815655+00:00","extra":{}}
{"message":"calculation","context":{"request":{"price":"1800.00","type":"luxury"},"result":{"price":1800.0,"type":"luxury","fees":{"basic_buyer_fee":180.0,"seller_special_fee":72.0,"association_fee":0.0,"storage_fee":100.0},"total":2152.0}},"level":200,"level_name":"INFO","channel":"app","datetime":"2025-12-05T23:15:20.204198+00:00","extra":{}}
{"message":"preflight","context":{"path":"/api/calculate"},"level":200,"level_name":"INFO","channel":"app","datetime":"2025-12-05T23:15:29.433284+00:00","extra":{}}
{"message":"calculation","context":{"request":{"price":"57.00","type":"common"},"result":{"price":57.0,"type":"common","fees":{"basic_buyer_fee":10.0,"seller_special_fee":1.14,"association_fee":5.0,"storage_fee":100.0},"total":173.14}},"level":200,"level_name":"INFO","channel":"app","datetime":"2025-12-05T23:15:29.541254+00:00","extra":{}}
{"message":"preflight","context":{"path":"/api/calculate"},"level":200,"level_name":"INFO","channel":"app","datetime":"2025-12-05T23:15:35.037447+00:00","extra":{}}
{"message":"calculation","context":{"request":{"price":"501.00","type":"common"},"result":{"price":501.0,"type":"common","fees":{"basic_buyer_fee":50.0,"seller_special_fee":10.02,"association_fee":10.0,"storage_fee":100.0},"total":671.02}},"level":200,"level_name":"INFO","channel":"app","datetime":"2025-12-05T23:15:35.158127+00:00","extra":{}}
{"message":"calculation","context":{"request":{"price":"1000000.00","type":"luxury"},"result":{"price":1000000.0,"type":"luxury","fees":{"basic_buyer_fee":200.0,"seller_special_fee":40000.0,"association_fee":0.0,"storage_fee":100.0},"total":1040300.0}},"level":200,"level_name":"INFO","channel":"app","datetime":"2025-12-05T23:15:37.342780+00:00","extra":{}}
{"message":"calculation","context":{"request":{"price":"57.00","type":"common"},"result":{"price":57.0,"type":"common","fees":{"basic_buyer_fee":10.0,"seller_special_fee":1.14,"association_fee":5.0,"storage_fee":100.0},"total":173.14}},"level":200,"level_name":"INFO","channel":"app","datetime":"2025-12-05T23:15:38.419521+00:00","extra":{}}
{"message":"calculation","context":{"request":{"price":"501.00","type":"common"},"result":{"price":501.0,"type":"common","fees":{"basic_buyer_fee":50.0,"seller_special_fee":10.02,"association_fee":10.0,"storage_fee":100.0},"total":671.02}},"level":200,"level_name":"INFO","channel":"app","datetime":"2025-12-05T23:15:39.150854+00:00","extra":{}}
{"message":"preflight","context":{"path":"/api/calculate"},"level":200,"level_name":"INFO","channel":"app","datetime":"2025-12-05T23:15:40.403105+00:00","extra":{}}
{"message":"calculation","context":{"request":{"price":"398.00","type":"common"},"result":{"price":398.0,"type":"common","fees":{"basic_buyer_fee":39.8,"seller_special_fee":7.96,"association_fee":5.0,"storage_fee":100.0},"total":550.76}},"level":200,"level_name":"INFO","channel":"app","datetime":"2025-12-05T23:15:40.506838+00:00","extra":{}}
{"message":"preflight","context":{"path":"/api/calculate"},"level":200,"level_name":"INFO","channel":"app","datetime":"2025-12-05T23:21:19.324310+00:00","extra":{}}
{"message":"calculation","context":{"request":{"price":"398.00","type":"common"},"result":{"price":398.0,"type":"common","fees":{"basic_buyer_fee":39.8,"seller_special_fee":7.96,"association_fee":5.0,"storage_fee":100.0},"total":550.76}},"level":200,"level_name":"INFO","channel":"app","datetime":"2025-12-05T23:21:19.446915+00:00","extra":{}}
{"message":"preflight","context":{"path":"/api/calculate"},"level":200,"level_name":"INFO","channel":"app","datetime":"2025-12-05T23:22:42.354154+00:00","extra":{}}
{"message":"calculation","context":{"request":{"price":1000,"type":"common"},"result":{"price":1000.0,"type":"common","fees":{"basic_buyer_fee":50.0,"seller_special_fee":20.0,"association_fee":10.0,"storage_fee":100.0},"total":1180.0}},"level":200,"level_name":"INFO","channel":"app","datetime":"2025-12-05T23:22:42.465781+00:00","extra":{}}
{"message":"calculation","context":{"request":{"price":"1000000.00","type":"luxury"},"result":{"price":1000000.0,"type":"luxury","fees":{"basic_buyer_fee":200.0,"seller_special_fee":40000.0,"association_fee":0.0,"storage_fee":100.0},"total":1040300.0}},"level":200,"level_name":"INFO","channel":"app","datetime":"2025-12-05T23:22:43.956909+00:00","extra":{}}
{"message":"preflight","context":{"path":"/api/calculate"},"level":200,"level_name":"INFO","channel":"app","datetime":"2025-12-05T23:22:48.173763+00:00","extra":{}}
{"message":"calculation","context":{"request":{"price":"1100.00","type":"common"},"result":{"price":1100.0,"type":"common","fees":{"basic_buyer_fee":50.0,"seller_special_fee":22.0,"association_fee":15.0,"storage_fee":100.0},"total":1287.0}},"level":200,"level_name":"INFO","channel":"app","datetime":"2025-12-05T23:22:48.285637+00:00","extra":{}}
{"message":"preflight","context":{"path":"/api/calculate"},"level":200,"level_name":"INFO","channel":"app","datetime":"2025-12-05T23:23:46.433898+00:00","extra":{}}
{"message":"calculation","context":{"request":{"price":"57.00","type":"common"},"result":{"price":57.0,"type":"common","fees":{"basic_buyer_fee":10.0,"seller_special_fee":1.14,"association_fee":5.0,"storage_fee":100.0},"total":173.14}},"level":200,"level_name":"INFO","channel":"app","datetime":"2025-12-05T23:23:46.554961+00:00","extra":{}}
{"message":"preflight","context":{"path":"/api/calculate"},"level":200,"level_name":"INFO","channel":"app","datetime":"2025-12-05T23:23:57.577267+00:00","extra":{}}
{"message":"calculation","context":{"request":{"price":"57.00","type":"common"},"result":{"price":57.0,"type":"common","fees":{"basic_buyer_fee":10.0,"seller_special_fee":1.14,"association_fee":5.0,"storage_fee":100.0},"total":173.14}},"level":200,"level_name":"INFO","channel":"app","datetime":"2025-12-05T23:23:57.711391+00:00","extra":{}}
{"message":"preflight","context":{"path":"/api/calculate"},"level":200,"level_name":"INFO","channel":"app","datetime":"2025-12-05T23:24:03.220366+00:00","extra":{}}
{"message":"calculation","context":{"request":{"price":2,"type":"common"},"result":{"price":2.0,"type":"common","fees":{"basic_buyer_fee":10.0,"seller_special_fee":0.04,"association_fee":5.0,"storage_fee":100.0},"total":117.04}},"level":200,"level_name":"INFO","channel":"app","datetime":"2025-12-05T23:24:03.335316+00:00","extra":{}}
{"message":"calculation","context":{"request":{"price":20,"type":"common"},"result":{"price":20.0,"type":"common","fees":{"basic_buyer_fee":10.0,"seller_special_fee":0.4,"association_fee":5.0,"storage_fee":100.0},"total":135.4}},"level":200,"level_name":"INFO","channel":"app","datetime":"2025-12-05T23:24:03.469991+00:00","extra":{}}
{"message":"calculation","context":{"request":{"price":200,"type":"common"},"result":{"price":200.0,"type":"common","fees":{"basic_buyer_fee":20.0,"seller_special_fee":4.0,"association_fee":5.0,"storage_fee":100.0},"total":329.0}},"level":200,"level_name":"INFO","channel":"app","datetime":"2025-12-05T23:24:03.672507+00:00","extra":{}}
{"message":"calculation","context":{"request":{"price":2000,"type":"common"},"result":{"price":2000.0,"type":"common","fees":{"basic_buyer_fee":50.0,"seller_special_fee":40.0,"association_fee":15.0,"storage_fee":100.0},"total":2205.0}},"level":200,"level_name":"INFO","channel":"app","datetime":"2025-12-05T23:24:03.879040+00:00","extra":{}}
{"message":"calculation","context":{"request":{"price":2000,"type":"luxury"},"result":{"price":2000.0,"type":"luxury","fees":{"basic_buyer_fee":200.0,"seller_special_fee":80.0,"association_fee":0.0,"storage_fee":100.0},"total":2380.0}},"level":200,"level_name":"INFO","channel":"app","datetime":"2025-12-05T23:24:07.196194+00:00","extra":{}}
{"message":"preflight","context":{"path":"/api/calculate"},"level":200,"level_name":"INFO","channel":"app","datetime":"2025-12-05T23:24:09.735527+00:00","extra":{}}
{"message":"calculation","context":{"request":{"price":2000,"type":"common"},"result":{"price":2000.0,"type":"common","fees":{"basic_buyer_fee":50.0,"seller_special_fee":40.0,"association_fee":15.0,"storage_fee":100.0},"total":2205.0}},"level":200,"level_name":"INFO","channel":"app","datetime":"2025-12-05T23:24:09.843162+00:00","extra":{}}
{"message":"calculation","context":{"request":{"price":2000,"type":"luxury"},"result":{"price":2000.0,"type":"luxury","fees":{"basic_buyer_fee":200.0,"seller_special_fee":80.0,"association_fee":0.0,"storage_fee":100.0},"total":2380.0}},"level":200,"level_name":"INFO","channel":"app","datetime":"2025-12-05T23:24:11.569988+00:00","extra":{}}
{"message":"calculation","context":{"request":{"price":2000,"type":"common"},"result":{"price":2000.0,"type":"common","fees":{"basic_buyer_fee":50.0,"seller_special_fee":40.0,"association_fee":15.0,"storage_fee":100.0},"total":2205.0}},"level":200,"level_name":"INFO","channel":"app","datetime":"2025-12-05T23:24:14.969846+00:00","extra":{}}
{"message":"preflight","context":{"path":"/api/calculate"},"level":200,"level_name":"INFO","channel":"app","datetime":"2025-12-12T12:02:00.760732+00:00","extra":{}}
{"message":"calculation","context":{"request":{"price":1000,"type":"common"},"result":{"price":1000.0,"type":"common","fees":{"basic_buyer_fee":50.0,"seller_special_fee":20.0,"association_fee":10.0,"storage_fee":100.0},"total":1180.0}},"level":200,"level_name":"INFO","channel":"app","datetime":"2025-12-12T12:02:00.882613+00:00","extra":{}}
{"message":"calculation","context":{"request":{"price":"1100.00","type":"common"},"result":{"price":1100.0,"type":"common","fees":{"basic_buyer_fee":50.0,"seller_special_fee":22.0,"association_fee":15.0,"storage_fee":100.0},"total":1287.0}},"level":200,"level_name":"INFO","channel":"app","datetime":"2025-12-12T12:02:03.705068+00:00","extra":{}}
{"message":"preflight","context":{"path":"/api/calculate"},"level":200,"level_name":"INFO","channel":"app","datetime":"2025-12-12T12:02:10.405428+00:00","extra":{}}
{"message":"calculation","context":{"request":{"price":"1800.00","type":"luxury"},"result":{"price":1800.0,"type":"luxury","fees":{"basic_buyer_fee":180.0,"seller_special_fee":72.0,"association_fee":0.0,"storage_fee":100.0},"total":2152.0}},"level":200,"level_name":"INFO","channel":"app","datetime":"2025-12-12T12:02:10.505647+00:00","extra":{}}
{"message":"calculation","context":{"request":{"price":"1100.00","type":"common"},"result":{"price":1100.0,"type":"common","fees":{"basic_buyer_fee":50.0,"seller_special_fee":22.0,"association_fee":15.0,"storage_fee":100.0},"total":1287.0}},"level":200,"level_name":"INFO","channel":"app","datetime":"2025-12-12T12:02:11.526321+00:00","extra":{}}
{"message":"calculation","context":{"request":{"price":"1000000.00","type":"luxury"},"result":{"price":1000000.0,"type":"luxury","fees":{"basic_buyer_fee":200.0,"seller_special_fee":40000.0,"association_fee":0.0,"storage_fee":100.0},"total":1040300.0}},"level":200,"level_name":"INFO","channel":"app","datetime":"2025-12-12T12:02:13.005521+00:00","extra":{}}
{"message":"calculation","context":{"request":{"price":"57.00","type":"common"},"result":{"price":57.0,"type":"common","fees":{"basic_buyer_fee":10.0,"seller_special_fee":1.14,"association_fee":5.0,"storage_fee":100.0},"total":173.14}},"level":200,"level_name":"INFO","channel":"app","datetime":"2025-12-12T12:02:14.766956+00:00","extra":{}}
{"message":"preflight","context":{"path":"/api/calculate"},"level":200,"level_name":"INFO","channel":"app","datetime":"2025-12-12T12:02:16.111058+00:00","extra":{}}
{"message":"calculation","context":{"request":{"price":"501.00","type":"common"},"result":{"price":501.0,"type":"common","fees":{"basic_buyer_fee":50.0,"seller_special_fee":10.02,"association_fee":10.0,"storage_fee":100.0},"total":671.02}},"level":200,"level_name":"INFO","channel":"app","datetime":"2025-12-12T12:02:16.209808+00:00","extra":{}}
{"message":"calculation","context":{"request":{"price":"398.00","type":"common"},"result":{"price":398.0,"type":"common","fees":{"basic_buyer_fee":39.8,"seller_special_fee":7.96,"association_fee":5.0,"storage_fee":100.0},"total":550.76}},"level":200,"level_name":"INFO","channel":"app","datetime":"2025-12-12T12:02:17.507449+00:00","extra":{}}
{"message":"calculation","context":{"request":{"price":"57.00","type":"common"},"result":{"price":57.0,"type":"common","fees":{"basic_buyer_fee":10.0,"seller_special_fee":1.14,"association_fee":5.0,"storage_fee":100.0},"total":173.14}},"level":200,"level_name":"INFO","channel":"app","datetime":"2025-12-12T12:02:21.211329+00:00","extra":{}}
{"message":"preflight","context":{"path":"/api/calculate"},"level":200,"level_name":"INFO","channel":"app","datetime":"2025-12-12T12:02:23.619584+00:00","extra":{}}
{"message":"calculation","context":{"request":{"price":"1100.00","type":"common"},"result":{"price":1100.0,"type":"common","fees":{"basic_buyer_fee":50.0,"seller_special_fee":22.0,"association_fee":15.0,"storage_fee":100.0},"total":1287.0}},"level":200,"level_name":"INFO","channel":"app","datetime":"2025-12-12T12:02:23.719995+00:00","extra":{}}
{"message":"preflight","context":{"path":"/api/calculate"},"level":200,"level_name":"INFO","channel":"app","datetime":"2025-12-12T13:45:49.369438+00:00","extra":{}}
{"message":"calculation","context":{"request":{"price":"1100.00","type":"common"},"result":{"price":1100.0,"type":"common","fees":{"basic_buyer_fee":50.0,"seller_special_fee":22.0,"association_fee":15.0,"storage_fee":100.0},"total":1287.0}},"level":200,"level_name":"INFO","channel":"app","datetime":"2025-12-12T13:45:49.500332+00:00","extra":{}}
{"message":"preflight","context":{"path":"/api/calculate"},"level":200,"level_name":"INFO","channel":"app","datetime":"2025-12-12T13:45:56.493597+00:00","extra":{}}
{"message":"calculation","context":{"request":{"price":"1000000.00","type":"luxury"},"result":{"price":1000000.0,"type":"luxury","fees":{"basic_buyer_fee":200.0,"seller_special_fee":40000.0,"association_fee":0.0,"storage_fee":100.0},"total":1040300.0}},"level":200,"level_name":"INFO","channel":"app","datetime":"2025-12-12T13:45:56.642783+00:00","extra":{}}
{"message":"calculation","context":{"request":{"price":"501.00","type":"common"},"result":{"price":501.0,"type":"common","fees":{"basic_buyer_fee":50.0,"seller_special_fee":10.02,"association_fee":10.0,"storage_fee":100.0},"total":671.02}},"level":200,"level_name":"INFO","channel":"app","datetime":"2025-12-12T13:45:59.977306+00:00","extra":{}}
{"message":"preflight","context":{"path":"/api/calculate"},"level":200,"level_name":"INFO","channel":"app","datetime":"2025-12-12T13:46:02.491326+00:00","extra":{}}
{"message":"calculation","context":{"request":{"price":"398.00","type":"common"},"result":{"price":398.0,"type":"common","fees":{"basic_buyer_fee":39.8,"seller_special_fee":7.96,"association_fee":5.0,"storage_fee":100.0},"total":550.76}},"level":200,"level_name":"INFO","channel":"app","datetime":"2025-12-12T13:46:02.610580+00:00","extra":{}}
{"message":"preflight","context":{"path":"/api/calculate"},"level":200,"level_name":"INFO","channel":"app","datetime":"2025-12-12T13:46:36.281261+00:00","extra":{}}
{"message":"calculation","context":{"request":{"price":"398.00","type":"common"},"result":{"price":398.0,"type":"common","fees":{"basic_buyer_fee":39.8,"seller_special_fee":7.96,"association_fee":5.0,"storage_fee":100.0},"total":550.76}},"level":200,"level_name":"INFO","channel":"app","datetime":"2025-12-12T13:46:36.384609+00:00","extra":{}}
{"message":"preflight","context":{"path":"/api/calculate"},"level":200,"level_name":"INFO","channel":"app","datetime":"2025-12-12T14:05:44.656456+00:00","extra":{}}
{"message":"calculation","context":{"request":{"price":398,"type":"common"},"result":{"price":398.0,"type":"common","fees":{"basic_buyer_fee":39.8,"seller_special_fee":7.96,"association_fee":5.0,"storage_fee":100.0},"total":550.76}},"level":200,"level_name":"INFO","channel":"app","datetime":"2025-12-12T14:05:44.767858+00:00","extra":{}}
{"message":"calculation","context":{"request":{"price":501,"type":"common"},"result":{"price":501.0,"type":"common","fees":{"basic_buyer_fee":50.0,"seller_special_fee":10.02,"association_fee":10.0,"storage_fee":100.0},"total":671.02}},"level":200,"level_name":"INFO","channel":"app","datetime":"2025-12-12T14:05:46.748300+00:00","extra":{}}
{"message":"preflight","context":{"path":"/api/calculate"},"level":200,"level_name":"INFO","channel":"app","datetime":"2025-12-12T14:05:51.267676+00:00","extra":{}}
{"message":"calculation","context":{"request":{"price":1000000,"type":"luxury"},"result":{"price":1000000.0,"type":"luxury","fees":{"basic_buyer_fee":200.0,"seller_special_fee":40000.0,"association_fee":0.0,"storage_fee":100.0},"total":1040300.0}},"level":200,"level_name":"INFO","channel":"app","datetime":"2025-12-12T14:05:51.369648+00:00","extra":{}}
{"message":"calculation","context":{"request":{"price":1100,"type":"common"},"result":{"price":1100.0,"type":"common","fees":{"basic_buyer_fee":50.0,"seller_special_fee":22.0,"association_fee":15.0,"storage_fee":100.0},"total":1287.0}},"level":200,"level_name":"INFO","channel":"app","datetime":"2025-12-12T14:05:52.394303+00:00","extra":{}}
{"message":"calculation","context":{"request":{"price":57,"type":"common"},"result":{"price":57.0,"type":"common","fees":{"basic_buyer_fee":10.0,"seller_special_fee":1.14,"association_fee":5.0,"storage_fee":100.0},"total":173.14}},"level":200,"level_name":"INFO","channel":"app","datetime":"2025-12-12T14:05:53.746442+00:00","extra":{}}
{"message":"preflight","context":{"path":"/api/calculate"},"level":200,"level_name":"INFO","channel":"app","datetime":"2025-12-12T14:12:25.595328+00:00","extra":{}}
{"message":"calculation","context":{"request":{"price":501,"type":"common"},"result":{"price":501.0,"type":"common","fees":{"basic_buyer_fee":50.0,"seller_special_fee":10.02,"association_fee":10.0,"storage_fee":100.0},"total":671.02}},"level":200,"level_name":"INFO","channel":"app","datetime":"2025-12-12T14:12:25.709635+00:00","extra":{}}
{"message":"preflight","context":{"path":"/api/calculate"},"level":200,"level_name":"INFO","channel":"app","datetime":"2025-12-12T14:12:31.499153+00:00","extra":{}}
{"message":"calculation","context":{"request":{"price":1100,"type":"common"},"result":{"price":1100.0,"type":"common","fees":{"basic_buyer_fee":50.0,"seller_special_fee":22.0,"association_fee":15.0,"storage_fee":100.0},"total":1287.0}},"level":200,"level_name":"INFO","channel":"app","datetime":"2025-12-12T14:12:31.615195+00:00","extra":{}}
{"message":"calculation","context":{"request":{"price":4,"type":"common"},"result":{"price":4.0,"type":"common","fees":{"basic_buyer_fee":10.0,"seller_special_fee":0.08,"association_fee":5.0,"storage_fee":100.0},"total":119.08}},"level":200,"level_name":"INFO","channel":"app","datetime":"2025-12-12T14:12:34.259032+00:00","extra":{}}
{"message":"calculation","context":{"request":{"price":40,"type":"common"},"result":{"price":40.0,"type":"common","fees":{"basic_buyer_fee":10.0,"seller_special_fee":0.8,"association_fee":5.0,"storage_fee":100.0},"total":155.8}},"level":200,"level_name":"INFO","channel":"app","datetime":"2025-12-12T14:12:34.623495+00:00","extra":{}}
{"message":"calculation","context":{"request":{"price":400,"type":"common"},"result":{"price":400.0,"type":"common","fees":{"basic_buyer_fee":40.0,"seller_special_fee":8.0,"association_fee":5.0,"storage_fee":100.0},"total":553.0}},"level":200,"level_name":"INFO","channel":"app","datetime":"2025-12-12T14:12:36.253716+00:00","extra":{}}
{"message":"preflight","context":{"path":"/api/calculate"},"level":200,"level_name":"INFO","channel":"app","datetime":"2025-12-12T14:12:38.454216+00:00","extra":{}}
{"message":"calculation","context":{"request":{"price":40,"type":"common"},"result":{"price":40.0,"type":"common","fees":{"basic_buyer_fee":10.0,"seller_special_fee":0.8,"association_fee":5.0,"storage_fee":100.0},"total":155.8}},"level":200,"level_name":"INFO","channel":"app","datetime":"2025-12-12T14:12:38.556220+00:00","extra":{}}
{"message":"preflight","context":{"path":"/api/calculate"},"level":200,"level_name":"INFO","channel":"app","datetime":"2025-12-12T14:12:44.424739+00:00","extra":{}}
{"message":"calculation","context":{"request":{"price":4,"type":"common"},"result":{"price":4.0,"type":"common","fees":{"basic_buyer_fee":10.0,"seller_special_fee":0.08,"association_fee":5.0,"storage_fee":100.0},"total":119.08}},"level":200,"level_name":"INFO","channel":"app","datetime":"2025-12-12T14:12:44.527971+00:00","extra":{}}
{"message":"calculation","context":{"request":{"price":45,"type":"common"},"result":{"price":45.0,"type":"common","fees":{"basic_buyer_fee":10.0,"seller_special_fee":0.9,"association_fee":5.0,"storage_fee":100.0},"total":160.9}},"level":200,"level_name":"INFO","channel":"app","datetime":"2025-12-12T14:12:46.315370+00:00","extra":{}}
{"message":"calculation","context":{"request":{"price":450,"type":"common"},"result":{"price":450.0,"type":"common","fees":{"basic_buyer_fee":45.0,"seller_special_fee":9.0,"association_fee":5.0,"storage_fee":100.0},"total":609.0}},"level":200,"level_name":"INFO","channel":"app","datetime":"2025-12-12T14:12:46.485155+00:00","extra":{}}
{"message":"preflight","context":{"path":"/api/calculate"},"level":200,"level_name":"INFO","channel":"app","datetime":"2025-12-12T14:12:50.039443+00:00","extra":{}}
{"message":"calculation","context":{"request":{"price":45,"type":"common"},"result":{"price":45.0,"type":"common","fees":{"basic_buyer_fee":10.0,"seller_special_fee":0.9,"association_fee":5.0,"storage_fee":100.0},"total":160.9}},"level":200,"level_name":"INFO","channel":"app","datetime":"2025-12-12T14:12:50.148849+00:00","extra":{}}
{"message":"calculation","context":{"request":{"price":4,"type":"common"},"result":{"price":4.0,"type":"common","fees":{"basic_buyer_fee":10.0,"seller_special_fee":0.08,"association_fee":5.0,"storage_fee":100.0},"total":119.08}},"level":200,"level_name":"INFO","channel":"app","datetime":"2025-12-12T14:12:52.650583+00:00","extra":{}}
{"message":"calculation","context":{"request":{"price":"","type":"common"},"result":{"price":0.0,"type":"common","fees":{"basic_buyer_fee":10.0,"seller_special_fee":0.0,"association_fee":0.0,"storage_fee":100.0},"total":110.0}},"level":200,"level_name":"INFO","channel":"app","datetime":"2025-12-12T14:12:53.967992+00:00","extra":{}}
{"message":"preflight","context":{"path":"/api/calculate"},"level":200,"level_name":"INFO","channel":"app","datetime":"2025-12-12T14:12:56.151030+00:00","extra":{}}
{"message":"calculation","context":{"request":{"price":0,"type":"common"},"result":{"price":0.0,"type":"common","fees":{"basic_buyer_fee":10.0,"seller_special_fee":0.0,"association_fee":0.0,"storage_fee":100.0},"total":110.0}},"level":200,"level_name":"INFO","channel":"app","datetime":"2025-12-12T14:12:56.258902+00:00","extra":{}}
{"message":"preflight","context":{"path":"/api/calculate"},"level":200,"level_name":"INFO","channel":"app","datetime":"2025-12-12T14:14:55.293510+00:00","extra":{}}
{"message":"calculation","context":{"request":{"price":501,"type":"common"},"result":{"price":501.0,"type":"common","fees":{"basic_buyer_fee":50.0,"seller_special_fee":10.02,"association_fee":10.0,"storage_fee":100.0},"total":671.02}},"level":200,"level_name":"INFO","channel":"app","datetime":"2025-12-12T14:14:55.402935+00:00","extra":{}}
{"message":"calculation","context":{"request":{"price":1800,"type":"luxury"},"result":{"price":1800.0,"type":"luxury","fees":{"basic_buyer_fee":180.0,"seller_special_fee":72.0,"association_fee":0.0,"storage_fee":100.0},"total":2152.0}},"level":200,"level_name":"INFO","channel":"app","datetime":"2025-12-12T14:14:58.360278+00:00","extra":{}}
{"message":"preflight","context":{"path":"/api/calculate"},"level":200,"level_name":"INFO","channel":"app","datetime":"2025-12-12T14:15:08.225983+00:00","extra":{}}
{"message":"calculation","context":{"request":{"price":398,"type":"common"},"result":{"price":398.0,"type":"common","fees":{"basic_buyer_fee":39.8,"seller_special_fee":7.96,"association_fee":5.0,"storage_fee":100.0},"total":550.76}},"level":200,"level_name":"INFO","channel":"app","datetime":"2025-12-12T14:15:08.330686+00:00","extra":{}}
{"message":"preflight","context":{"path":"/api/calculate"},"level":200,"level_name":"INFO","channel":"app","datetime":"2025-12-12T14:15:15.625837+00:00","extra":{}}
{"message":"calculation","context":{"request":{"price":398,"type":"common"},"result":{"price":398.0,"type":"common","fees":{"basic_buyer_fee":39.8,"seller_special_fee":7.96,"association_fee":5.0,"storage_fee":100.0},"total":550.76}},"level":200,"level_name":"INFO","channel":"app","datetime":"2025-12-12T14:15:15.737272+00:00","extra":{}}
{"message":"calculation","context":{"request":{"price":398,"type":"common"},"result":{"price":398.0,"type":"common","fees":{"basic_buyer_fee":39.8,"seller_special_fee":7.96,"association_fee":5.0,"storage_fee":100.0},"total":550.76}},"level":200,"level_name":"INFO","channel":"app","datetime":"2025-12-12T14:15:15.843134+00:00","extra":{}}
{"message":"calculation","context":{"request":{"price":398,"type":"common"},"result":{"price":398.0,"type":"common","fees":{"basic_buyer_fee":39.8,"seller_special_fee":7.96,"association_fee":5.0,"storage_fee":100.0},"total":550.76}},"level":200,"level_name":"INFO","channel":"app","datetime":"2025-12-12T14:15:15.948517+00:00","extra":{}}
{"message":"calculation","context":{"request":{"price":398,"type":"common"},"result":{"price":398.0,"type":"common","fees":{"basic_buyer_fee":39.8,"seller_special_fee":7.96,"association_fee":5.0,"storage_fee":100.0},"total":550.76}},"level":200,"level_name":"INFO","channel":"app","datetime":"2025-12-12T14:15:19.331582+00:00","extra":{}}
{"message":"calculation","context":{"request":{"price":398.5,"type":"common"},"result":{"price":398.5,"type":"common","fees":{"basic_buyer_fee":39.85,"seller_special_fee":7.97,"association_fee":5.0,"storage_fee":100.0},"total":551.32}},"level":200,"level_name":"INFO","channel":"app","datetime":"2025-12-12T14:15:19.904134+00:00","extra":{}}
{"message":"calculation","context":{"request":{"price":398.5,"type":"common"},"result":{"price":398.5,"type":"common","fees":{"basic_buyer_fee":39.85,"seller_special_fee":7.97,"association_fee":5.0,"storage_fee":100.0},"total":551.32}},"level":200,"level_name":"INFO","channel":"app","datetime":"2025-12-12T14:15:20.007154+00:00","extra":{}}
{"message":"preflight","context":{"path":"/api/calculate"},"level":200,"level_name":"INFO","channel":"app","datetime":"2025-12-12T14:15:26.890514+00:00","extra":{}}
{"message":"calculation","context":{"request":{"price":398.57,"type":"common"},"result":{"price":398.57,"type":"common","fees":{"basic_buyer_fee":39.86,"seller_special_fee":7.97,"association_fee":5.0,"storage_fee":100.0},"total":551.4}},"level":200,"level_name":"INFO","channel":"app","datetime":"2025-12-12T14:15:26.991435+00:00","extra":{}}
{"message":"preflight","context":{"path":"/api/calculate"},"level":200,"level_name":"INFO","channel":"app","datetime":"2025-12-12T14:15:34.067622+00:00","extra":{}}
{"message":"preflight","context":{"path":"/api/calculate"},"level":200,"level_name":"INFO","channel":"app","datetime":"2025-12-12T14:15:34.168879+00:00","extra":{}}
{"message":"calculation","context":{"request":{"price":398.5,"type":"common"},"result":{"price":398.5,"type":"common","fees":{"basic_buyer_fee":39.85,"seller_special_fee":7.97,"association_fee":5.0,"storage_fee":100.0},"total":551.32}},"level":200,"level_name":"INFO","channel":"app","datetime":"2025-12-12T14:15:34.278120+00:00","extra":{}}
{"message":"calculation","context":{"request":{"price":398,"type":"common"},"result":{"price":398.0,"type":"common","fees":{"basic_buyer_fee":39.8,"seller_special_fee":7.96,"association_fee":5.0,"storage_fee":100.0},"total":550.76}},"level":200,"level_name":"INFO","channel":"app","datetime":"2025-12-12T14:15:34.371099+00:00","extra":{}}
{"message":"calculation","context":{"request":{"price":398.9,"type":"common"},"result":{"price":398.9,"type":"common","fees":{"basic_buyer_fee":39.89,"seller_special_fee":7.98,"association_fee":5.0,"storage_fee":100.0},"total":551.77}},"level":200,"level_name":"INFO","channel":"app","datetime":"2025-12-12T14:15:34.517099+00:00","extra":{}}
{"message":"calculation","context":{"request":{"price":398.99,"type":"common"},"result":{"price":398.99,"type":"common","fees":{"basic_buyer_fee":39.9,"seller_special_fee":7.98,"association_fee":5.0,"storage_fee":100.0},"total":551.87}},"level":200,"level_name":"INFO","channel":"app","datetime":"2025-12-12T14:15:34.657505+00:00","extra":{}}
{"message":"preflight","context":{"path":"/api/calculate"},"level":200,"level_name":"INFO","channel":"app","datetime":"2025-12-13T16:42:00.283416+00:00","extra":{}}
{"message":"calculation","context":{"request":{"price":1800,"type":"luxury"},"result":{"price":1800.0,"type":"luxury","fees":{"basic_buyer_fee":180.0,"seller_special_fee":72.0,"association_fee":0.0,"storage_fee":100.0},"total":2152.0}},"level":200,"level_name":"INFO","channel":"app","datetime":"2025-12-13T16:42:00.395818+00:00","extra":{}}
{"message":"calculation","context":{"request":{"price":1100,"type":"common"},"result":{"price":1100.0,"type":"common","fees":{"basic_buyer_fee":50.0,"seller_special_fee":22.0,"association_fee":15.0,"storage_fee":100.0},"total":1287.0}},"level":200,"level_name":"INFO","channel":"app","datetime":"2025-12-13T16:42:01.066751+00:00","extra":{}}
{"message":"preflight","context":{"path":"/api/calculate"},"level":200,"level_name":"INFO","channel":"app","datetime":"2025-12-13T16:49:08.448992+00:00","extra":{}}
{"message":"calculation","context":{"request":{"price":57,"type":"common"},"result":{"price":57.0,"type":"common","fees":{"basic_buyer_fee":10.0,"seller_special_fee":1.14,"association_fee":5.0,"storage_fee":100.0},"total":173.14}},"level":200,"level_name":"INFO","channel":"app","datetime":"2025-12-13T16:49:08.578855+00:00","extra":{}}
{"message":"calculation","context":{"request":{"price":1000000,"type":"luxury"},"result":{"price":1000000.0,"type":"luxury","fees":{"basic_buyer_fee":200.0,"seller_special_fee":40000.0,"association_fee":0.0,"storage_fee":100.0},"total":1040300.0}},"level":200,"level_name":"INFO","channel":"app","datetime":"2025-12-13T16:49:10.997607+00:00","extra":{}}
